# JRE version: Java(TM) SE Runtime Environment (8.0_161-b12) (build 1.8.0_161-b12)
# Java VM: Java HotSpot(TM) 64-Bit Server VM (25.161-b12 mixed mode linux-amd64 compressed oops)
Heap:
 PSYoungGen      total 219136K, used 23791K [0x00000000f0000000, 0x0000000100000000, 0x0000000100000000)
  eden space 175616K, 1% used [0x00000000f0000000,0x00000000f0317008,0x00000000fab80000)
  from space 43520K, 47% used [0x00000000fd580000,0x00000000fe9a4db8,0x0000000100000000)
  to   space 43008K, 0% used [0x00000000fab80000,0x00000000fab80000,0x00000000fd580000)
 ParOldGen       total 524288K, used 132496K [0x00000000d0000000, 0x00000000f0000000, 0x00000000f0000000)
  object space 524288K, 25% used [0x00000000d0000000,0x00000000d8164398,0x00000000f0000000)
 Metaspace       used 82813K, capacity 88054K, committed 88192K, reserved 1126400K
  class space    used 9494K, capacity 11032K, committed 11136K, reserved 1048576K
GC Heap History (10 events):
Event: 812.544 GC heap before
{Heap before GC invocations=41 (full 3):
 PSYoungGen      total 210944K, used 191424K [0x00000000f0000000, 0x0000000100000000, 0x0000000100000000)
  eden space 160768K, 100% used [0x00000000f0000000,0x00000000f9d00000,0x00000000f9d00000)
  from space 50176K, 61% used [0x00000000f9d00000,0x00000000fbaf0218,0x00000000fce00000)
  to   space 49152K, 0% used [0x00000000fd000000,0x00000000fd000000,0x0000000100000000)
 ParOldGen       total 524288K, used 111972K [0x00000000d0000000, 0x00000000f0000000, 0x00000000f0000000)
  object space 524288K, 21% used [0x00000000d0000000,0x00000000d6d592e0,0x00000000f0000000)
 Metaspace       used 81204K, capacity 86260K, committed 86400K, reserved 1124352K
  class space    used 9340K, capacity 10847K, committed 10880K, reserved 1048576K
Event: 812.568 GC heap after
Heap after GC invocations=41 (full 3):
 PSYoungGen      total 215040K, used 27803K [0x00000000f0000000, 0x0000000100000000, 0x0000000100000000)
  eden space 165888K, 0% used [0x00000000f0000000,0x00000000f0000000,0x00000000fa200000)
  from space 49152K, 56% used [0x00000000fd000000,0x00000000feb26fc8,0x0000000100000000)
  to   space 47104K, 0% used [0x00000000fa200000,0x00000000fa200000,0x00000000fd000000)
 ParOldGen       total 524288K, used 115575K [0x00000000d0000000, 0x00000000f0000000, 0x00000000f0000000)
  object space 524288K, 22% used [0x00000000d0000000,0x00000000d70ddec8,0x00000000f0000000)
 Metaspace       used 81204K, capacity 86260K, committed 86400K, reserved 1124352K
  class space    used 9340K, capacity 10847K, committed 10880K, reserved 1048576K
}
Event: 823.771 GC heap before
{Heap before GC invocations=42 (full 3):
 PSYoungGen      total 215040K, used 193691K [0x00000000f0000000, 0x0000000100000000, 0x0000000100000000)
  eden space 165888K, 100% used [0x00000000f0000000,0x00000000fa200000,0x00000000fa200000)
  from space 49152K, 56% used [0x00000000fd000000,0x00000000feb26fc8,0x0000000100000000)
  to   space 47104K, 0% used [0x00000000fa200000,0x00000000fa200000,0x00000000fd000000)
 ParOldGen       total 524288K, used 115575K [0x00000000d0000000, 0x00000000f0000000, 0x00000000f0000000)
  object space 524288K, 22% used [0x00000000d0000000,0x00000000d70ddec8,0x00000000f0000000)
 Metaspace       used 81298K, capacity 86354K, committed 86400K, reserved 1124352K
  class space    used 9344K, capacity 10854K, committed 10880K, reserved 1048576K
Event: 823.794 GC heap after
Heap after GC invocations=42 (full 3):
 PSYoungGen      total 212992K, used 24731K [0x00000000f0000000, 0x0000000100000000, 0x0000000100000000)
  eden space 165888K, 0% used [0x00000000f0000000,0x00000000f0000000,0x00000000fa200000)
  from space 47104K, 52% used [0x00000000fa200000,0x00000000fba26fd8,0x00000000fd000000)
  to   space 45568K, 0% used [0x00000000fd380000,0x00000000fd380000,0x0000000100000000)
 ParOldGen       total 524288K, used 118685K [0x00000000d0000000, 0x00000000f0000000, 0x00000000f0000000)
  object space 524288K, 22% used [0x00000000d0000000,0x00000000d73e76f8,0x00000000f0000000)
 Metaspace       used 81298K, capacity 86354K, committed 86400K, reserved 1124352K
  class space    used 9344K, capacity 10854K, committed 10880K, reserved 1048576K
}
Event: 854.637 GC heap before
{Heap before GC invocations=43 (full 3):
 PSYoungGen      total 212992K, used 190619K [0x00000000f0000000, 0x0000000100000000, 0x0000000100000000)
  eden space 165888K, 100% used [0x00000000f0000000,0x00000000fa200000,0x00000000fa200000)
  from space 47104K, 52% used [0x00000000fa200000,0x00000000fba26fd8,0x00000000fd000000)
  to   space 45568K, 0% used [0x00000000fd380000,0x00000000fd380000,0x0000000100000000)
 ParOldGen       total 524288K, used 118685K [0x00000000d0000000, 0x00000000f0000000, 0x00000000f0000000)
  object space 524288K, 22% used [0x00000000d0000000,0x00000000d73e76f8,0x00000000f0000000)
 Metaspace       used 81442K, capacity 86582K, committed 86656K, reserved 1124352K
  class space    used 9359K, capacity 10863K, committed 10880K, reserved 1048576K
Event: 854.658 GC heap after
Heap after GC invocations=43 (full 3):
 PSYoungGen      total 217088K, used 21009K [0x00000000f0000000, 0x0000000100000000, 0x0000000100000000)
  eden space 171520K, 0% used [0x00000000f0000000,0x00000000f0000000,0x00000000fa780000)
  from space 45568K, 46% used [0x00000000fd380000,0x00000000fe8047b8,0x0000000100000000)
  to   space 45056K, 0% used [0x00000000fa780000,0x00000000fa780000,0x00000000fd380000)
 ParOldGen       total 524288K, used 123073K [0x00000000d0000000, 0x00000000f0000000, 0x00000000f0000000)
  object space 524288K, 23% used [0x00000000d0000000,0x00000000d78305a8,0x00000000f0000000)
 Metaspace       used 81442K, capacity 86582K, committed 86656K, reserved 1124352K
  class space    used 9359K, capacity 10863K, committed 10880K, reserved 1048576K
}
Event: 1589.009 GC heap before
{Heap before GC invocations=44 (full 3):
 PSYoungGen      total 217088K, used 192482K [0x00000000f0000000, 0x0000000100000000, 0x0000000100000000)
  eden space 171520K, 99% used [0x00000000f0000000,0x00000000fa774278,0x00000000fa780000)
  from space 45568K, 46% used [0x00000000fd380000,0x00000000fe8047b8,0x0000000100000000)
  to   space 45056K, 0% used [0x00000000fa780000,0x00000000fa780000,0x00000000fd380000)
 ParOldGen       total 524288K, used 123073K [0x00000000d0000000, 0x00000000f0000000, 0x00000000f0000000)
  object space 524288K, 23% used [0x00000000d0000000,0x00000000d78305a8,0x00000000f0000000)
 Metaspace       used 82469K, capacity 87706K, committed 87808K, reserved 1126400K
  class space    used 9458K, capacity 10985K, committed 11008K, reserved 1048576K
Event: 1589.040 GC heap after
Heap after GC invocations=44 (full 3):
 PSYoungGen      total 216576K, used 27717K [0x00000000f0000000, 0x0000000100000000, 0x0000000100000000)
  eden space 171520K, 0% used [0x00000000f0000000,0x00000000f0000000,0x00000000fa780000)
  from space 45056K, 61% used [0x00000000fa780000,0x00000000fc291660,0x00000000fd380000)
  to   space 43520K, 0% used [0x00000000fd580000,0x00000000fd580000,0x0000000100000000)
 ParOldGen       total 524288K, used 126974K [0x00000000d0000000, 0x00000000f0000000, 0x00000000f0000000)
  object space 524288K, 24% used [0x00000000d0000000,0x00000000d7bff8e8,0x00000000f0000000)
 Metaspace       used 82469K, capacity 87706K, committed 87808K, reserved 1126400K
  class space    used 9458K, capacity 10985K, committed 11008K, reserved 1048576K
}
Event: 1598.281 GC heap before
{Heap before GC invocations=45 (full 3):
 PSYoungGen      total 216576K, used 199237K [0x00000000f0000000, 0x0000000100000000, 0x0000000100000000)
  eden space 171520K, 100% used [0x00000000f0000000,0x00000000fa780000,0x00000000fa780000)
  from space 45056K, 61% used [0x00000000fa780000,0x00000000fc291660,0x00000000fd380000)
  to   space 43520K, 0% used [0x00000000fd580000,0x00000000fd580000,0x0000000100000000)
 ParOldGen       total 524288K, used 126974K [0x00000000d0000000, 0x00000000f0000000, 0x00000000f0000000)
  object space 524288K, 24% used [0x00000000d0000000,0x00000000d7bff8e8,0x00000000f0000000)
 Metaspace       used 82807K, capacity 88054K, committed 88192K, reserved 1126400K
  class space    used 9494K, capacity 11032K, committed 11136K, reserved 1048576K
Event: 1598.308 GC heap after
Heap after GC invocations=45 (full 3):
 PSYoungGen      total 219136K, used 20627K [0x00000000f0000000, 0x0000000100000000, 0x0000000100000000)
  eden space 175616K, 0% used [0x00000000f0000000,0x00000000f0000000,0x00000000fab80000)
  from space 43520K, 47% used [0x00000000fd580000,0x00000000fe9a4db8,0x0000000100000000)
  to   space 43008K, 0% used [0x00000000fab80000,0x00000000fab80000,0x00000000fd580000)
 ParOldGen       total 524288K, used 132496K [0x00000000d0000000, 0x00000000f0000000, 0x00000000f0000000)
  object space 524288K, 25% used [0x00000000d0000000,0x00000000d8164398,0x00000000f0000000)
 Metaspace       used 82807K, capacity 88054K, committed 88192K, reserved 1126400K
  class space    used 9494K, capacity 11032K, committed 11136K, reserved 1048576K
}

