# JRE version: Java(TM) SE Runtime Environment (8.0_161-b12) (build 1.8.0_161-b12)
# Java VM: Java HotSpot(TM) 64-Bit Server VM (25.161-b12 mixed mode linux-amd64 compressed oops)
Heap:
 PSYoungGen      total 224256K, used 100567K [0x00000000f0000000, 0x0000000100000000, 0x0000000100000000)
  eden space 184832K, 44% used [0x00000000f0000000,0x00000000f4fc7dd8,0x00000000fb480000)
  from space 39424K, 47% used [0x00000000fd980000,0x00000000febee030,0x0000000100000000)
  to   space 37888K, 0% used [0x00000000fb480000,0x00000000fb480000,0x00000000fd980000)
 ParOldGen       total 524288K, used 127603K [0x00000000d0000000, 0x00000000f0000000, 0x00000000f0000000)
  object space 524288K, 24% used [0x00000000d0000000,0x00000000d7c9cda8,0x00000000f0000000)
 Metaspace       used 84704K, capacity 90086K, committed 90368K, reserved 1128448K
  class space    used 9666K, capacity 11176K, committed 11264K, reserved 1048576K
GC Heap History (10 events):
Event: 1743.198 GC heap before
{Heap before GC invocations=51 (full 3):
 PSYoungGen      total 210432K, used 181671K [0x00000000f0000000, 0x0000000100000000, 0x0000000100000000)
  eden space 161280K, 100% used [0x00000000f0000000,0x00000000f9d80000,0x00000000f9d80000)
  from space 49152K, 41% used [0x00000000f9d80000,0x00000000fb169f70,0x00000000fcd80000)
  to   space 46592K, 0% used [0x00000000fd280000,0x00000000fd280000,0x0000000100000000)
 ParOldGen       total 524288K, used 126532K [0x00000000d0000000, 0x00000000f0000000, 0x00000000f0000000)
  object space 524288K, 24% used [0x00000000d0000000,0x00000000d7b912a8,0x00000000f0000000)
 Metaspace       used 83101K, capacity 88252K, committed 88320K, reserved 1126400K
  class space    used 9547K, capacity 10997K, committed 11008K, reserved 1048576K
Event: 1743.220 GC heap after
Heap after GC invocations=51 (full 3):
 PSYoungGen      total 217600K, used 19290K [0x00000000f0000000, 0x0000000100000000, 0x0000000100000000)
  eden space 171008K, 0% used [0x00000000f0000000,0x00000000f0000000,0x00000000fa700000)
  from space 46592K, 41% used [0x00000000fd280000,0x00000000fe556928,0x0000000100000000)
  to   space 44544K, 0% used [0x00000000fa700000,0x00000000fa700000,0x00000000fd280000)
 ParOldGen       total 524288K, used 126596K [0x00000000d0000000, 0x00000000f0000000, 0x00000000f0000000)
  object space 524288K, 24% used [0x00000000d0000000,0x00000000d7ba12a8,0x00000000f0000000)
 Metaspace       used 83101K, capacity 88252K, committed 88320K, reserved 1126400K
  class space    used 9547K, capacity 10997K, committed 11008K, reserved 1048576K
}
Event: 1747.133 GC heap before
{Heap before GC invocations=52 (full 3):
 PSYoungGen      total 217600K, used 190298K [0x00000000f0000000, 0x0000000100000000, 0x0000000100000000)
  eden space 171008K, 100% used [0x00000000f0000000,0x00000000fa700000,0x00000000fa700000)
  from space 46592K, 41% used [0x00000000fd280000,0x00000000fe556928,0x0000000100000000)
  to   space 44544K, 0% used [0x00000000fa700000,0x00000000fa700000,0x00000000fd280000)
 ParOldGen       total 524288K, used 126596K [0x00000000d0000000, 0x00000000f0000000, 0x00000000f0000000)
  object space 524288K, 24% used [0x00000000d0000000,0x00000000d7ba12a8,0x00000000f0000000)
 Metaspace       used 83239K, capacity 88418K, committed 88704K, reserved 1126400K
  class space    used 9558K, capacity 11015K, committed 11136K, reserved 1048576K
Event: 1747.152 GC heap after
Heap after GC invocations=52 (full 3):
 PSYoungGen      total 215552K, used 19191K [0x00000000f0000000, 0x0000000100000000, 0x0000000100000000)
  eden space 171008K, 0% used [0x00000000f0000000,0x00000000f0000000,0x00000000fa700000)
  from space 44544K, 43% used [0x00000000fa700000,0x00000000fb9bdf00,0x00000000fd280000)
  to   space 42496K, 0% used [0x00000000fd680000,0x00000000fd680000,0x0000000100000000)
 ParOldGen       total 524288K, used 126636K [0x00000000d0000000, 0x00000000f0000000, 0x00000000f0000000)
  object space 524288K, 24% used [0x00000000d0000000,0x00000000d7bab2a8,0x00000000f0000000)
 Metaspace       used 83239K, capacity 88418K, committed 88704K, reserved 1126400K
  class space    used 9558K, capacity 11015K, committed 11136K, reserved 1048576K
}
Event: 1750.562 GC heap before
{Heap before GC invocations=53 (full 3):
 PSYoungGen      total 215552K, used 190199K [0x00000000f0000000, 0x0000000100000000, 0x0000000100000000)
  eden space 171008K, 100% used [0x00000000f0000000,0x00000000fa700000,0x00000000fa700000)
  from space 44544K, 43% used [0x00000000fa700000,0x00000000fb9bdf00,0x00000000fd280000)
  to   space 42496K, 0% used [0x00000000fd680000,0x00000000fd680000,0x0000000100000000)
 ParOldGen       total 524288K, used 126636K [0x00000000d0000000, 0x00000000f0000000, 0x00000000f0000000)
  object space 524288K, 24% used [0x00000000d0000000,0x00000000d7bab2a8,0x00000000f0000000)
 Metaspace       used 83277K, capacity 88462K, committed 88704K, reserved 1126400K
  class space    used 9560K, capacity 11049K, committed 11136K, reserved 1048576K
Event: 1750.587 GC heap after
Heap after GC invocations=53 (full 3):
 PSYoungGen      total 221184K, used 18855K [0x00000000f0000000, 0x0000000100000000, 0x0000000100000000)
  eden space 178688K, 0% used [0x00000000f0000000,0x00000000f0000000,0x00000000fae80000)
  from space 42496K, 44% used [0x00000000fd680000,0x00000000fe8e9f10,0x0000000100000000)
  to   space 40960K, 0% used [0x00000000fae80000,0x00000000fae80000,0x00000000fd680000)
 ParOldGen       total 524288K, used 126724K [0x00000000d0000000, 0x00000000f0000000, 0x00000000f0000000)
  object space 524288K, 24% used [0x00000000d0000000,0x00000000d7bc12a8,0x00000000f0000000)
 Metaspace       used 83277K, capacity 88462K, committed 88704K, reserved 1126400K
  class space    used 9560K, capacity 11049K, committed 11136K, reserved 1048576K
}
Event: 1852.305 GC heap before
{Heap before GC invocations=54 (full 3):
 PSYoungGen      total 221184K, used 197543K [0x00000000f0000000, 0x0000000100000000, 0x0000000100000000)
  eden space 178688K, 100% used [0x00000000f0000000,0x00000000fae80000,0x00000000fae80000)
  from space 42496K, 44% used [0x00000000fd680000,0x00000000fe8e9f10,0x0000000100000000)
  to   space 40960K, 0% used [0x00000000fae80000,0x00000000fae80000,0x00000000fd680000)
 ParOldGen       total 524288K, used 126724K [0x00000000d0000000, 0x00000000f0000000, 0x00000000f0000000)
  object space 524288K, 24% used [0x00000000d0000000,0x00000000d7bc12a8,0x00000000f0000000)
 Metaspace       used 84513K, capacity 89798K, committed 89984K, reserved 1128448K
  class space    used 9656K, capacity 11134K, committed 11136K, reserved 1048576K
Event: 1852.334 GC heap after
Heap after GC invocations=54 (full 3):
 PSYoungGen      total 219648K, used 18762K [0x00000000f0000000, 0x0000000100000000, 0x0000000100000000)
  eden space 178688K, 0% used [0x00000000f0000000,0x00000000f0000000,0x00000000fae80000)
  from space 40960K, 45% used [0x00000000fae80000,0x00000000fc0d2bd0,0x00000000fd680000)
  to   space 39424K, 0% used [0x00000000fd980000,0x00000000fd980000,0x0000000100000000)
 ParOldGen       total 524288K, used 127499K [0x00000000d0000000, 0x00000000f0000000, 0x00000000f0000000)
  object space 524288K, 24% used [0x00000000d0000000,0x00000000d7c82d98,0x00000000f0000000)
 Metaspace       used 84513K, capacity 89798K, committed 89984K, reserved 1128448K
  class space    used 9656K, capacity 11134K, committed 11136K, reserved 1048576K
}
Event: 1856.729 GC heap before
{Heap before GC invocations=55 (full 3):
 PSYoungGen      total 219648K, used 197450K [0x00000000f0000000, 0x0000000100000000, 0x0000000100000000)
  eden space 178688K, 100% used [0x00000000f0000000,0x00000000fae80000,0x00000000fae80000)
  from space 40960K, 45% used [0x00000000fae80000,0x00000000fc0d2bd0,0x00000000fd680000)
  to   space 39424K, 0% used [0x00000000fd980000,0x00000000fd980000,0x0000000100000000)
 ParOldGen       total 524288K, used 127499K [0x00000000d0000000, 0x00000000f0000000, 0x00000000f0000000)
  object space 524288K, 24% used [0x00000000d0000000,0x00000000d7c82d98,0x00000000f0000000)
 Metaspace       used 84682K, capacity 90086K, committed 90368K, reserved 1128448K
  class space    used 9666K, capacity 11176K, committed 11264K, reserved 1048576K
Event: 1856.747 GC heap after
Heap after GC invocations=55 (full 3):
 PSYoungGen      total 224256K, used 18872K [0x00000000f0000000, 0x0000000100000000, 0x0000000100000000)
  eden space 184832K, 0% used [0x00000000f0000000,0x00000000f0000000,0x00000000fb480000)
  from space 39424K, 47% used [0x00000000fd980000,0x00000000febee030,0x0000000100000000)
  to   space 37888K, 0% used [0x00000000fb480000,0x00000000fb480000,0x00000000fd980000)
 ParOldGen       total 524288K, used 127603K [0x00000000d0000000, 0x00000000f0000000, 0x00000000f0000000)
  object space 524288K, 24% used [0x00000000d0000000,0x00000000d7c9cda8,0x00000000f0000000)
 Metaspace       used 84682K, capacity 90086K, committed 90368K, reserved 1128448K
  class space    used 9666K, capacity 11176K, committed 11264K, reserved 1048576K
}

