# JRE version: Java(TM) SE Runtime Environment (8.0_161-b12) (build 1.8.0_161-b12)
# Java VM: Java HotSpot(TM) 64-Bit Server VM (25.161-b12 mixed mode linux-amd64 compressed oops)
Heap:
 PSYoungGen      total 200704K, used 48567K [0x00000000f0000000, 0x0000000100000000, 0x0000000100000000)
  eden space 139264K, 28% used [0x00000000f0000000,0x00000000f262b2e0,0x00000000f8800000)
  from space 61440K, 15% used [0x00000000fc400000,0x00000000fcd42b58,0x0000000100000000)
  to   space 61440K, 0% used [0x00000000f8800000,0x00000000f8800000,0x00000000fc400000)
 ParOldGen       total 524288K, used 135650K [0x00000000d0000000, 0x00000000f0000000, 0x00000000f0000000)
  object space 524288K, 25% used [0x00000000d0000000,0x00000000d8478b60,0x00000000f0000000)
 Metaspace       used 80844K, capacity 85482K, committed 85504K, reserved 1124352K
  class space    used 9348K, capacity 10747K, committed 10752K, reserved 1048576K
GC Heap History (10 events):
Event: 515.071 GC heap before
{Heap before GC invocations=37 (full 3):
 PSYoungGen      total 191488K, used 156346K [0x00000000f0000000, 0x0000000100000000, 0x0000000100000000)
  eden space 124416K, 100% used [0x00000000f0000000,0x00000000f7980000,0x00000000f7980000)
  from space 67072K, 47% used [0x00000000f7980000,0x00000000f98aead0,0x00000000fbb00000)
  to   space 64000K, 0% used [0x00000000fc180000,0x00000000fc180000,0x0000000100000000)
 ParOldGen       total 524288K, used 112912K [0x00000000d0000000, 0x00000000f0000000, 0x00000000f0000000)
  object space 524288K, 21% used [0x00000000d0000000,0x00000000d6e44020,0x00000000f0000000)
 Metaspace       used 80154K, capacity 84586K, committed 84736K, reserved 1124352K
  class space    used 9303K, capacity 10670K, committed 10752K, reserved 1048576K
Event: 515.102 GC heap after
Heap after GC invocations=37 (full 3):
 PSYoungGen      total 200192K, used 26378K [0x00000000f0000000, 0x0000000100000000, 0x0000000100000000)
  eden space 136192K, 0% used [0x00000000f0000000,0x00000000f0000000,0x00000000f8500000)
  from space 64000K, 41% used [0x00000000fc180000,0x00000000fdb42ad0,0x0000000100000000)
  to   space 61952K, 0% used [0x00000000f8500000,0x00000000f8500000,0x00000000fc180000)
 ParOldGen       total 524288K, used 119210K [0x00000000d0000000, 0x00000000f0000000, 0x00000000f0000000)
  object space 524288K, 22% used [0x00000000d0000000,0x00000000d746a920,0x00000000f0000000)
 Metaspace       used 80154K, capacity 84586K, committed 84736K, reserved 1124352K
  class space    used 9303K, capacity 10670K, committed 10752K, reserved 1048576K
}
Event: 515.996 GC heap before
{Heap before GC invocations=38 (full 3):
 PSYoungGen      total 200192K, used 161456K [0x00000000f0000000, 0x0000000100000000, 0x0000000100000000)
  eden space 136192K, 99% used [0x00000000f0000000,0x00000000f83e9848,0x00000000f8500000)
  from space 64000K, 41% used [0x00000000fc180000,0x00000000fdb42ad0,0x0000000100000000)
  to   space 61952K, 0% used [0x00000000f8500000,0x00000000f8500000,0x00000000fc180000)
 ParOldGen       total 524288K, used 119210K [0x00000000d0000000, 0x00000000f0000000, 0x00000000f0000000)
  object space 524288K, 22% used [0x00000000d0000000,0x00000000d746a920,0x00000000f0000000)
 Metaspace       used 80349K, capacity 84816K, committed 84992K, reserved 1124352K
  class space    used 9313K, capacity 10687K, committed 10752K, reserved 1048576K
Event: 516.035 GC heap after
Heap after GC invocations=38 (full 3):
 PSYoungGen      total 198144K, used 24667K [0x00000000f0000000, 0x0000000100000000, 0x0000000100000000)
  eden space 136192K, 0% used [0x00000000f0000000,0x00000000f0000000,0x00000000f8500000)
  from space 61952K, 39% used [0x00000000f8500000,0x00000000f9d16e00,0x00000000fc180000)
  to   space 60416K, 0% used [0x00000000fc500000,0x00000000fc500000,0x0000000100000000)
 ParOldGen       total 524288K, used 123752K [0x00000000d0000000, 0x00000000f0000000, 0x00000000f0000000)
  object space 524288K, 23% used [0x00000000d0000000,0x00000000d78da050,0x00000000f0000000)
 Metaspace       used 80349K, capacity 84816K, committed 84992K, reserved 1124352K
  class space    used 9313K, capacity 10687K, committed 10752K, reserved 1048576K
}
Event: 522.163 GC heap before
{Heap before GC invocations=39 (full 3):
 PSYoungGen      total 198144K, used 160854K [0x00000000f0000000, 0x0000000100000000, 0x0000000100000000)
  eden space 136192K, 99% used [0x00000000f0000000,0x00000000f84fed18,0x00000000f8500000)
  from space 61952K, 39% used [0x00000000f8500000,0x00000000f9d16e00,0x00000000fc180000)
  to   space 60416K, 0% used [0x00000000fc500000,0x00000000fc500000,0x0000000100000000)
 ParOldGen       total 524288K, used 123752K [0x00000000d0000000, 0x00000000f0000000, 0x00000000f0000000)
  object space 524288K, 23% used [0x00000000d0000000,0x00000000d78da050,0x00000000f0000000)
 Metaspace       used 80575K, capacity 85186K, committed 85248K, reserved 1124352K
  class space    used 9334K, capacity 10726K, committed 10752K, reserved 1048576K
Event: 522.186 GC heap after
Heap after GC invocations=39 (full 3):
 PSYoungGen      total 199680K, used 9679K [0x00000000f0000000, 0x0000000100000000, 0x0000000100000000)
  eden space 139264K, 0% used [0x00000000f0000000,0x00000000f0000000,0x00000000f8800000)
  from space 60416K, 16% used [0x00000000fc500000,0x00000000fce73f48,0x0000000100000000)
  to   space 61440K, 0% used [0x00000000f8800000,0x00000000f8800000,0x00000000fc400000)
 ParOldGen       total 524288K, used 135634K [0x00000000d0000000, 0x00000000f0000000, 0x00000000f0000000)
  object space 524288K, 25% used [0x00000000d0000000,0x00000000d8474b60,0x00000000f0000000)
 Metaspace       used 80575K, capacity 85186K, committed 85248K, reserved 1124352K
  class space    used 9334K, capacity 10726K, committed 10752K, reserved 1048576K
}
Event: 524.502 GC heap before
{Heap before GC invocations=40 (full 3):
 PSYoungGen      total 199680K, used 148803K [0x00000000f0000000, 0x0000000100000000, 0x0000000100000000)
  eden space 139264K, 99% used [0x00000000f0000000,0x00000000f87dcef8,0x00000000f8800000)
  from space 60416K, 16% used [0x00000000fc500000,0x00000000fce73f48,0x0000000100000000)
  to   space 61440K, 0% used [0x00000000f8800000,0x00000000f8800000,0x00000000fc400000)
 ParOldGen       total 524288K, used 135634K [0x00000000d0000000, 0x00000000f0000000, 0x00000000f0000000)
  object space 524288K, 25% used [0x00000000d0000000,0x00000000d8474b60,0x00000000f0000000)
 Metaspace       used 80696K, capacity 85338K, committed 85504K, reserved 1124352K
  class space    used 9336K, capacity 10730K, committed 10752K, reserved 1048576K
Event: 524.516 GC heap after
Heap after GC invocations=40 (full 3):
 PSYoungGen      total 200704K, used 11233K [0x00000000f0000000, 0x0000000100000000, 0x0000000100000000)
  eden space 139264K, 0% used [0x00000000f0000000,0x00000000f0000000,0x00000000f8800000)
  from space 61440K, 18% used [0x00000000f8800000,0x00000000f92f8690,0x00000000fc400000)
  to   space 61440K, 0% used [0x00000000fc400000,0x00000000fc400000,0x0000000100000000)
 ParOldGen       total 524288K, used 135642K [0x00000000d0000000, 0x00000000f0000000, 0x00000000f0000000)
  object space 524288K, 25% used [0x00000000d0000000,0x00000000d8476b60,0x00000000f0000000)
 Metaspace       used 80696K, capacity 85338K, committed 85504K, reserved 1124352K
  class space    used 9336K, capacity 10730K, committed 10752K, reserved 1048576K
}
Event: 527.345 GC heap before
{Heap before GC invocations=41 (full 3):
 PSYoungGen      total 200704K, used 150444K [0x00000000f0000000, 0x0000000100000000, 0x0000000100000000)
  eden space 139264K, 99% used [0x00000000f0000000,0x00000000f87f2b88,0x00000000f8800000)
  from space 61440K, 18% used [0x00000000f8800000,0x00000000f92f8690,0x00000000fc400000)
  to   space 61440K, 0% used [0x00000000fc400000,0x00000000fc400000,0x0000000100000000)
 ParOldGen       total 524288K, used 135642K [0x00000000d0000000, 0x00000000f0000000, 0x00000000f0000000)
  object space 524288K, 25% used [0x00000000d0000000,0x00000000d8476b60,0x00000000f0000000)
 Metaspace       used 80806K, capacity 85462K, committed 85504K, reserved 1124352K
  class space    used 9342K, capacity 10740K, committed 10752K, reserved 1048576K
Event: 527.364 GC heap after
Heap after GC invocations=41 (full 3):
 PSYoungGen      total 200704K, used 9482K [0x00000000f0000000, 0x0000000100000000, 0x0000000100000000)
  eden space 139264K, 0% used [0x00000000f0000000,0x00000000f0000000,0x00000000f8800000)
  from space 61440K, 15% used [0x00000000fc400000,0x00000000fcd42b58,0x0000000100000000)
  to   space 61440K, 0% used [0x00000000f8800000,0x00000000f8800000,0x00000000fc400000)
 ParOldGen       total 524288K, used 135650K [0x00000000d0000000, 0x00000000f0000000, 0x00000000f0000000)
  object space 524288K, 25% used [0x00000000d0000000,0x00000000d8478b60,0x00000000f0000000)
 Metaspace       used 80806K, capacity 85462K, committed 85504K, reserved 1124352K
  class space    used 9342K, capacity 10740K, committed 10752K, reserved 1048576K
}

