# JRE version: Java(TM) SE Runtime Environment (8.0_161-b12) (build 1.8.0_161-b12)
# Java VM: Java HotSpot(TM) 64-Bit Server VM (25.161-b12 mixed mode linux-amd64 compressed oops)
Heap:
 PSYoungGen      total 186880K, used 160268K [0x00000000f0000000, 0x0000000100000000, 0x0000000100000000)
  eden space 113664K, 99% used [0x00000000f0000000,0x00000000f6e9b2e0,0x00000000f6f00000)
  from space 73216K, 64% used [0x00000000fb880000,0x00000000fe668098,0x0000000100000000)
  to   space 74240K, 0% used [0x00000000f6f00000,0x00000000f6f00000,0x00000000fb780000)
 ParOldGen       total 524288K, used 81012K [0x00000000d0000000, 0x00000000f0000000, 0x00000000f0000000)
  object space 524288K, 15% used [0x00000000d0000000,0x00000000d4f1d090,0x00000000f0000000)
 Metaspace       used 78904K, capacity 82498K, committed 82776K, reserved 1122304K
  class space    used 9009K, capacity 9991K, committed 10072K, reserved 1048576K
GC Heap History (10 events):
Event: 531.018 GC heap before
{Heap before GC invocations=29 (full 3):
 PSYoungGen      total 211968K, used 211823K [0x00000000f0000000, 0x0000000100000000, 0x0000000100000000)
  eden space 167936K, 100% used [0x00000000f0000000,0x00000000fa400000,0x00000000fa400000)
  from space 44032K, 99% used [0x00000000fa400000,0x00000000fcedbe48,0x00000000fcf00000)
  to   space 50176K, 0% used [0x00000000fcf00000,0x00000000fcf00000,0x0000000100000000)
 ParOldGen       total 524288K, used 78273K [0x00000000d0000000, 0x00000000f0000000, 0x00000000f0000000)
  object space 524288K, 14% used [0x00000000d0000000,0x00000000d4c70578,0x00000000f0000000)
 Metaspace       used 76375K, capacity 79756K, committed 80088K, reserved 1120256K
  class space    used 8890K, capacity 9836K, committed 9944K, reserved 1048576K
Event: 531.060 GC heap after
Heap after GC invocations=29 (full 3):
 PSYoungGen      total 191488K, used 50152K [0x00000000f0000000, 0x0000000100000000, 0x0000000100000000)
  eden space 141312K, 0% used [0x00000000f0000000,0x00000000f0000000,0x00000000f8a00000)
  from space 50176K, 99% used [0x00000000fcf00000,0x00000000ffffa148,0x0000000100000000)
  to   space 60416K, 0% used [0x00000000f8a00000,0x00000000f8a00000,0x00000000fc500000)
 ParOldGen       total 524288K, used 80988K [0x00000000d0000000, 0x00000000f0000000, 0x00000000f0000000)
  object space 524288K, 15% used [0x00000000d0000000,0x00000000d4f17090,0x00000000f0000000)
 Metaspace       used 76375K, capacity 79756K, committed 80088K, reserved 1120256K
  class space    used 8890K, capacity 9836K, committed 9944K, reserved 1048576K
}
Event: 715.422 GC heap before
{Heap before GC invocations=30 (full 3):
 PSYoungGen      total 191488K, used 191464K [0x00000000f0000000, 0x0000000100000000, 0x0000000100000000)
  eden space 141312K, 100% used [0x00000000f0000000,0x00000000f8a00000,0x00000000f8a00000)
  from space 50176K, 99% used [0x00000000fcf00000,0x00000000ffffa148,0x0000000100000000)
  to   space 60416K, 0% used [0x00000000f8a00000,0x00000000f8a00000,0x00000000fc500000)
 ParOldGen       total 524288K, used 80988K [0x00000000d0000000, 0x00000000f0000000, 0x00000000f0000000)
  object space 524288K, 15% used [0x00000000d0000000,0x00000000d4f17090,0x00000000f0000000)
 Metaspace       used 77138K, capacity 80570K, committed 80856K, reserved 1120256K
  class space    used 8924K, capacity 9867K, committed 9944K, reserved 1048576K
Event: 715.465 GC heap after
Heap after GC invocations=30 (full 3):
 PSYoungGen      total 193536K, used 51846K [0x00000000f0000000, 0x0000000100000000, 0x0000000100000000)
  eden space 141312K, 0% used [0x00000000f0000000,0x00000000f0000000,0x00000000f8a00000)
  from space 52224K, 99% used [0x00000000f8a00000,0x00000000fbca1818,0x00000000fbd00000)
  to   space 66560K, 0% used [0x00000000fbf00000,0x00000000fbf00000,0x0000000100000000)
 ParOldGen       total 524288K, used 80988K [0x00000000d0000000, 0x00000000f0000000, 0x00000000f0000000)
  object space 524288K, 15% used [0x00000000d0000000,0x00000000d4f17090,0x00000000f0000000)
 Metaspace       used 77138K, capacity 80570K, committed 80856K, reserved 1120256K
  class space    used 8924K, capacity 9867K, committed 9944K, reserved 1048576K
}
Event: 892.115 GC heap before
{Heap before GC invocations=31 (full 3):
 PSYoungGen      total 193536K, used 193158K [0x00000000f0000000, 0x0000000100000000, 0x0000000100000000)
  eden space 141312K, 100% used [0x00000000f0000000,0x00000000f8a00000,0x00000000f8a00000)
  from space 52224K, 99% used [0x00000000f8a00000,0x00000000fbca1818,0x00000000fbd00000)
  to   space 66560K, 0% used [0x00000000fbf00000,0x00000000fbf00000,0x0000000100000000)
 ParOldGen       total 524288K, used 80988K [0x00000000d0000000, 0x00000000f0000000, 0x00000000f0000000)
  object space 524288K, 15% used [0x00000000d0000000,0x00000000d4f17090,0x00000000f0000000)
 Metaspace       used 77617K, capacity 81070K, committed 81112K, reserved 1120256K
  class space    used 8943K, capacity 9913K, committed 9944K, reserved 1048576K
Event: 892.153 GC heap after
Heap after GC invocations=31 (full 3):
 PSYoungGen      total 186368K, used 52067K [0x00000000f0000000, 0x0000000100000000, 0x0000000100000000)
  eden space 119808K, 0% used [0x00000000f0000000,0x00000000f0000000,0x00000000f7500000)
  from space 66560K, 78% used [0x00000000fbf00000,0x00000000ff1d8eb0,0x0000000100000000)
  to   space 71168K, 0% used [0x00000000f7500000,0x00000000f7500000,0x00000000fba80000)
 ParOldGen       total 524288K, used 80996K [0x00000000d0000000, 0x00000000f0000000, 0x00000000f0000000)
  object space 524288K, 15% used [0x00000000d0000000,0x00000000d4f19090,0x00000000f0000000)
 Metaspace       used 77617K, capacity 81070K, committed 81112K, reserved 1120256K
  class space    used 8943K, capacity 9913K, committed 9944K, reserved 1048576K
}
Event: 1545.105 GC heap before
{Heap before GC invocations=32 (full 3):
 PSYoungGen      total 186368K, used 171875K [0x00000000f0000000, 0x0000000100000000, 0x0000000100000000)
  eden space 119808K, 100% used [0x00000000f0000000,0x00000000f7500000,0x00000000f7500000)
  from space 66560K, 78% used [0x00000000fbf00000,0x00000000ff1d8eb0,0x0000000100000000)
  to   space 71168K, 0% used [0x00000000f7500000,0x00000000f7500000,0x00000000fba80000)
 ParOldGen       total 524288K, used 80996K [0x00000000d0000000, 0x00000000f0000000, 0x00000000f0000000)
  object space 524288K, 15% used [0x00000000d0000000,0x00000000d4f19090,0x00000000f0000000)
 Metaspace       used 78277K, capacity 81824K, committed 81880K, reserved 1122304K
  class space    used 8975K, capacity 9933K, committed 9944K, reserved 1048576K
Event: 1545.180 GC heap after
Heap after GC invocations=32 (full 3):
 PSYoungGen      total 166912K, used 47966K [0x00000000f0000000, 0x0000000100000000, 0x0000000100000000)
  eden space 118784K, 0% used [0x00000000f0000000,0x00000000f0000000,0x00000000f7400000)
  from space 48128K, 99% used [0x00000000f7500000,0x00000000fa3d7be0,0x00000000fa400000)
  to   space 73216K, 0% used [0x00000000fb880000,0x00000000fb880000,0x0000000100000000)
 ParOldGen       total 524288K, used 81004K [0x00000000d0000000, 0x00000000f0000000, 0x00000000f0000000)
  object space 524288K, 15% used [0x00000000d0000000,0x00000000d4f1b090,0x00000000f0000000)
 Metaspace       used 78277K, capacity 81824K, committed 81880K, reserved 1122304K
  class space    used 8975K, capacity 9933K, committed 9944K, reserved 1048576K
}
Event: 1563.236 GC heap before
{Heap before GC invocations=33 (full 3):
 PSYoungGen      total 166912K, used 166750K [0x00000000f0000000, 0x0000000100000000, 0x0000000100000000)
  eden space 118784K, 100% used [0x00000000f0000000,0x00000000f7400000,0x00000000f7400000)
  from space 48128K, 99% used [0x00000000f7500000,0x00000000fa3d7be0,0x00000000fa400000)
  to   space 73216K, 0% used [0x00000000fb880000,0x00000000fb880000,0x0000000100000000)
 ParOldGen       total 524288K, used 81004K [0x00000000d0000000, 0x00000000f0000000, 0x00000000f0000000)
  object space 524288K, 15% used [0x00000000d0000000,0x00000000d4f1b090,0x00000000f0000000)
 Metaspace       used 78569K, capacity 82140K, committed 82520K, reserved 1122304K
  class space    used 8990K, capacity 9946K, committed 10072K, reserved 1048576K
Event: 1563.288 GC heap after
Heap after GC invocations=33 (full 3):
 PSYoungGen      total 186880K, used 47008K [0x00000000f0000000, 0x0000000100000000, 0x0000000100000000)
  eden space 113664K, 0% used [0x00000000f0000000,0x00000000f0000000,0x00000000f6f00000)
  from space 73216K, 64% used [0x00000000fb880000,0x00000000fe668098,0x0000000100000000)
  to   space 74240K, 0% used [0x00000000f6f00000,0x00000000f6f00000,0x00000000fb780000)
 ParOldGen       total 524288K, used 81012K [0x00000000d0000000, 0x00000000f0000000, 0x00000000f0000000)
  object space 524288K, 15% used [0x00000000d0000000,0x00000000d4f1d090,0x00000000f0000000)
 Metaspace       used 78569K, capacity 82140K, committed 82520K, reserved 1122304K
  class space    used 8990K, capacity 9946K, committed 10072K, reserved 1048576K
}

