# JRE version: Java(TM) SE Runtime Environment (8.0_161-b12) (build 1.8.0_161-b12)
# Java VM: Java HotSpot(TM) 64-Bit Server VM (25.161-b12 mixed mode linux-amd64 compressed oops)
Heap:
 PSYoungGen      total 212992K, used 150836K [0x00000000f0000000, 0x0000000100000000, 0x0000000100000000)
  eden space 163840K, 79% used [0x00000000f0000000,0x00000000f7fe1e20,0x00000000fa000000)
  from space 49152K, 40% used [0x00000000fa000000,0x00000000fb36b3f0,0x00000000fd000000)
  to   space 48640K, 0% used [0x00000000fd080000,0x00000000fd080000,0x0000000100000000)
 ParOldGen       total 524288K, used 130377K [0x00000000d0000000, 0x00000000f0000000, 0x00000000f0000000)
  object space 524288K, 24% used [0x00000000d0000000,0x00000000d7f525b8,0x00000000f0000000)
 Metaspace       used 86832K, capacity 92230K, committed 92544K, reserved 1130496K
  class space    used 9821K, capacity 11331K, committed 11392K, reserved 1048576K
GC Heap History (10 events):
Event: 1566.987 GC heap before
{Heap before GC invocations=44 (full 3):
 PSYoungGen      total 210944K, used 191229K [0x00000000f0000000, 0x0000000100000000, 0x0000000100000000)
  eden space 158208K, 100% used [0x00000000f0000000,0x00000000f9a80000,0x00000000f9a80000)
  from space 52736K, 62% used [0x00000000fcc80000,0x00000000fecbf468,0x0000000100000000)
  to   space 51200K, 0% used [0x00000000f9a80000,0x00000000f9a80000,0x00000000fcc80000)
 ParOldGen       total 524288K, used 119124K [0x00000000d0000000, 0x00000000f0000000, 0x00000000f0000000)
  object space 524288K, 22% used [0x00000000d0000000,0x00000000d7455038,0x00000000f0000000)
 Metaspace       used 83816K, capacity 88788K, committed 88832K, reserved 1126400K
  class space    used 9595K, capacity 10999K, committed 11008K, reserved 1048576K
Event: 1567.028 GC heap after
Heap after GC invocations=44 (full 3):
 PSYoungGen      total 209408K, used 26756K [0x00000000f0000000, 0x0000000100000000, 0x0000000100000000)
  eden space 158208K, 0% used [0x00000000f0000000,0x00000000f0000000,0x00000000f9a80000)
  from space 51200K, 52% used [0x00000000f9a80000,0x00000000fb4a1368,0x00000000fcc80000)
  to   space 50176K, 0% used [0x00000000fcf00000,0x00000000fcf00000,0x0000000100000000)
 ParOldGen       total 524288K, used 124600K [0x00000000d0000000, 0x00000000f0000000, 0x00000000f0000000)
  object space 524288K, 23% used [0x00000000d0000000,0x00000000d79ae2b8,0x00000000f0000000)
 Metaspace       used 83816K, capacity 88788K, committed 88832K, reserved 1126400K
  class space    used 9595K, capacity 10999K, committed 11008K, reserved 1048576K
}
Event: 1628.735 GC heap before
{Heap before GC invocations=45 (full 3):
 PSYoungGen      total 209408K, used 184725K [0x00000000f0000000, 0x0000000100000000, 0x0000000100000000)
  eden space 158208K, 99% used [0x00000000f0000000,0x00000000f9a44278,0x00000000f9a80000)
  from space 51200K, 52% used [0x00000000f9a80000,0x00000000fb4a1368,0x00000000fcc80000)
  to   space 50176K, 0% used [0x00000000fcf00000,0x00000000fcf00000,0x0000000100000000)
 ParOldGen       total 524288K, used 124600K [0x00000000d0000000, 0x00000000f0000000, 0x00000000f0000000)
  object space 524288K, 23% used [0x00000000d0000000,0x00000000d79ae2b8,0x00000000f0000000)
 Metaspace       used 84184K, capacity 89192K, committed 89472K, reserved 1128448K
  class space    used 9625K, capacity 11046K, committed 11136K, reserved 1048576K
Event: 1628.781 GC heap after
Heap after GC invocations=45 (full 3):
 PSYoungGen      total 212992K, used 25224K [0x00000000f0000000, 0x0000000100000000, 0x0000000100000000)
  eden space 162816K, 0% used [0x00000000f0000000,0x00000000f0000000,0x00000000f9f00000)
  from space 50176K, 50% used [0x00000000fcf00000,0x00000000fe7a2350,0x0000000100000000)
  to   space 49152K, 0% used [0x00000000f9f00000,0x00000000f9f00000,0x00000000fcf00000)
 ParOldGen       total 524288K, used 127212K [0x00000000d0000000, 0x00000000f0000000, 0x00000000f0000000)
  object space 524288K, 24% used [0x00000000d0000000,0x00000000d7c3b018,0x00000000f0000000)
 Metaspace       used 84184K, capacity 89192K, committed 89472K, reserved 1128448K
  class space    used 9625K, capacity 11046K, committed 11136K, reserved 1048576K
}
Event: 1723.477 GC heap before
{Heap before GC invocations=46 (full 3):
 PSYoungGen      total 212992K, used 188040K [0x00000000f0000000, 0x0000000100000000, 0x0000000100000000)
  eden space 162816K, 100% used [0x00000000f0000000,0x00000000f9f00000,0x00000000f9f00000)
  from space 50176K, 50% used [0x00000000fcf00000,0x00000000fe7a2350,0x0000000100000000)
  to   space 49152K, 0% used [0x00000000f9f00000,0x00000000f9f00000,0x00000000fcf00000)
 ParOldGen       total 524288K, used 127212K [0x00000000d0000000, 0x00000000f0000000, 0x00000000f0000000)
  object space 524288K, 24% used [0x00000000d0000000,0x00000000d7c3b018,0x00000000f0000000)
 Metaspace       used 85502K, capacity 90634K, committed 90752K, reserved 1128448K
  class space    used 9705K, capacity 11133K, committed 11136K, reserved 1048576K
Event: 1723.509 GC heap after
Heap after GC invocations=46 (full 3):
 PSYoungGen      total 211968K, used 21204K [0x00000000f0000000, 0x0000000100000000, 0x0000000100000000)
  eden space 162816K, 0% used [0x00000000f0000000,0x00000000f0000000,0x00000000f9f00000)
  from space 49152K, 43% used [0x00000000f9f00000,0x00000000fb3b5248,0x00000000fcf00000)
  to   space 49152K, 0% used [0x00000000fd000000,0x00000000fd000000,0x0000000100000000)
 ParOldGen       total 524288K, used 129174K [0x00000000d0000000, 0x00000000f0000000, 0x00000000f0000000)
  object space 524288K, 24% used [0x00000000d0000000,0x00000000d7e25818,0x00000000f0000000)
 Metaspace       used 85502K, capacity 90634K, committed 90752K, reserved 1128448K
  class space    used 9705K, capacity 11133K, committed 11136K, reserved 1048576K
}
Event: 1781.357 GC heap before
{Heap before GC invocations=47 (full 3):
 PSYoungGen      total 211968K, used 184020K [0x00000000f0000000, 0x0000000100000000, 0x0000000100000000)
  eden space 162816K, 100% used [0x00000000f0000000,0x00000000f9f00000,0x00000000f9f00000)
  from space 49152K, 43% used [0x00000000f9f00000,0x00000000fb3b5248,0x00000000fcf00000)
  to   space 49152K, 0% used [0x00000000fd000000,0x00000000fd000000,0x0000000100000000)
 ParOldGen       total 524288K, used 129174K [0x00000000d0000000, 0x00000000f0000000, 0x00000000f0000000)
  object space 524288K, 24% used [0x00000000d0000000,0x00000000d7e25818,0x00000000f0000000)
 Metaspace       used 86213K, capacity 91322K, committed 91648K, reserved 1130496K
  class space    used 9750K, capacity 11191K, committed 11264K, reserved 1048576K
Event: 1781.400 GC heap after
Heap after GC invocations=47 (full 3):
 PSYoungGen      total 212992K, used 20704K [0x00000000f0000000, 0x0000000100000000, 0x0000000100000000)
  eden space 163840K, 0% used [0x00000000f0000000,0x00000000f0000000,0x00000000fa000000)
  from space 49152K, 42% used [0x00000000fd000000,0x00000000fe4382e8,0x0000000100000000)
  to   space 49152K, 0% used [0x00000000fa000000,0x00000000fa000000,0x00000000fd000000)
 ParOldGen       total 524288K, used 130273K [0x00000000d0000000, 0x00000000f0000000, 0x00000000f0000000)
  object space 524288K, 24% used [0x00000000d0000000,0x00000000d7f385b8,0x00000000f0000000)
 Metaspace       used 86213K, capacity 91322K, committed 91648K, reserved 1130496K
  class space    used 9750K, capacity 11191K, committed 11264K, reserved 1048576K
}
Event: 1849.649 GC heap before
{Heap before GC invocations=48 (full 3):
 PSYoungGen      total 212992K, used 184544K [0x00000000f0000000, 0x0000000100000000, 0x0000000100000000)
  eden space 163840K, 100% used [0x00000000f0000000,0x00000000fa000000,0x00000000fa000000)
  from space 49152K, 42% used [0x00000000fd000000,0x00000000fe4382e8,0x0000000100000000)
  to   space 49152K, 0% used [0x00000000fa000000,0x00000000fa000000,0x00000000fd000000)
 ParOldGen       total 524288K, used 130273K [0x00000000d0000000, 0x00000000f0000000, 0x00000000f0000000)
  object space 524288K, 24% used [0x00000000d0000000,0x00000000d7f385b8,0x00000000f0000000)
 Metaspace       used 86666K, capacity 92058K, committed 92288K, reserved 1130496K
  class space    used 9799K, capacity 11279K, committed 11392K, reserved 1048576K
Event: 1849.670 GC heap after
Heap after GC invocations=48 (full 3):
 PSYoungGen      total 212992K, used 19884K [0x00000000f0000000, 0x0000000100000000, 0x0000000100000000)
  eden space 163840K, 0% used [0x00000000f0000000,0x00000000f0000000,0x00000000fa000000)
  from space 49152K, 40% used [0x00000000fa000000,0x00000000fb36b3f0,0x00000000fd000000)
  to   space 48640K, 0% used [0x00000000fd080000,0x00000000fd080000,0x0000000100000000)
 ParOldGen       total 524288K, used 130377K [0x00000000d0000000, 0x00000000f0000000, 0x00000000f0000000)
  object space 524288K, 24% used [0x00000000d0000000,0x00000000d7f525b8,0x00000000f0000000)
 Metaspace       used 86666K, capacity 92058K, committed 92288K, reserved 1130496K
  class space    used 9799K, capacity 11279K, committed 11392K, reserved 1048576K
}

